[debug] [2021-02-28T17:51:33.789Z] ----------------------------------------------------------------------
[debug] [2021-02-28T17:51:33.792Z] Command:       /home/noobie/.nvm/versions/node/v12.16.2/bin/node /home/noobie/.nvm/versions/node/v12.16.2/bin/firebase init hosting:github
[debug] [2021-02-28T17:51:33.799Z] CLI Version:   9.5.0
[debug] [2021-02-28T17:51:33.799Z] Platform:      linux
[debug] [2021-02-28T17:51:33.799Z] Node Version:  v12.16.2
[debug] [2021-02-28T17:51:33.800Z] Time:          Sun Feb 28 2021 23:21:33 GMT+0530 (India Standard Time)
[debug] [2021-02-28T17:51:33.800Z] ----------------------------------------------------------------------
[debug] [2021-02-28T17:51:33.801Z] 
[debug] [2021-02-28T17:51:33.808Z] > command requires scopes: ["email","openid","https://www.googleapis.com/auth/cloudplatformprojects.readonly","https://www.googleapis.com/auth/firebase","https://www.googleapis.com/auth/cloud-platform"]
[debug] [2021-02-28T17:51:33.809Z] > authorizing via signed-in user
[info] 
     ######## #### ########  ######## ########     ###     ######  ########
     ##        ##  ##     ## ##       ##     ##  ##   ##  ##       ##
     ######    ##  ########  ######   ########  #########  ######  ######
     ##        ##  ##    ##  ##       ##     ## ##     ##       ## ##
     ##       #### ##     ## ######## ########  ##     ##  ######  ########

You're about to initialize a Firebase project in this directory:

  /home/noobie/Web_Dev/we_educate

Before we get started, keep in mind:

  * You are initializing in an existing Firebase project directory

[info] 
=== Project Setup
[info] 
[info] First, let's associate this project directory with a Firebase project.
[info] You can create multiple project aliases by running firebase use --add, 
[info] but for now we'll just set up a default project.
[info] 
[info] i  .firebaserc already has a default project, using we-educate. 
[debug] [2021-02-28T17:51:33.821Z] > refreshing access token with scopes: []
[debug] [2021-02-28T17:51:33.822Z] >>> HTTP REQUEST POST https://www.googleapis.com/oauth2/v3/token  
 <request body omitted>
[debug] [2021-02-28T17:51:34.115Z] <<< HTTP RESPONSE 200 {"pragma":"no-cache","date":"Sun, 28 Feb 2021 17:51:34 GMT","cache-control":"no-cache, no-store, max-age=0, must-revalidate","expires":"Mon, 01 Jan 1990 00:00:00 GMT","content-type":"application/json; charset=utf-8","vary":"X-Origin, Referer, Origin,Accept-Encoding","server":"scaffolding on HTTPServer2","x-xss-protection":"0","x-frame-options":"SAMEORIGIN","x-content-type-options":"nosniff","alt-svc":"h3-29=\":443\"; ma=2592000,h3-T051=\":443\"; ma=2592000,h3-Q050=\":443\"; ma=2592000,h3-Q046=\":443\"; ma=2592000,h3-Q043=\":443\"; ma=2592000,quic=\":443\"; ma=2592000; v=\"46,43\"","accept-ranges":"none","transfer-encoding":"chunked"}
[debug] [2021-02-28T17:51:34.128Z] >>> [apiv2][query] GET https://firebase.googleapis.com/v1beta1/projects/we-educate [none]
[debug] [2021-02-28T17:51:34.464Z] <<< [apiv2][status] GET https://firebase.googleapis.com/v1beta1/projects/we-educate 200
[debug] [2021-02-28T17:51:34.464Z] <<< [apiv2][body] GET https://firebase.googleapis.com/v1beta1/projects/we-educate {"projectId":"we-educate","projectNumber":"296871061171","displayName":"we-educate","name":"projects/we-educate","resources":{"hostingSite":"we-educate","storageBucket":"we-educate.appspot.com","locationId":"us-central"},"state":"ACTIVE"}
[info] 
=== Hosting:github Setup
[info] 
[info] i  Detected a .git folder at /home/noobie/Web_Dev/we_educate 
[info] i  Authorizing with GitHub to upload your service account to a GitHub repository's secrets store. 
[info] 
[info] Visit this URL on this device to log in:
[info] https://github.com/login/oauth/authorize?client_id=89cf50f02ac6aaed3484&state=850867737&redirect_uri=http%3A%2F%2Flocalhost%3A9005&scope=read%3Auser%20repo%20public_repo
[info] 
[info] Waiting for authentication...
[debug] [2021-02-28T17:51:36.346Z] >>> HTTP REQUEST POST https://github.com/login/oauth/access_token  
 {"client_id":"89cf50f02ac6aaed3484","client_secret":"3330d14abc895d9a74d5f17cd7a00711fa2c5bf0","code":"043d9b7e5516ec7a630f","redirect_uri":"http://localhost:9005","state":"850867737"}
[debug] [2021-02-28T17:51:36.767Z] <<< HTTP RESPONSE 200 {"server":"GitHub.com","date":"Sun, 28 Feb 2021 17:51:36 GMT","content-type":"application/json; charset=utf-8","vary":"X-PJAX, Accept-Encoding, Accept, X-Requested-With","etag":"W/\"6d297d6795c44b6178ad0e88b79d9ce7\"","cache-control":"max-age=0, private, must-revalidate","strict-transport-security":"max-age=31536000; includeSubdomains; preload","x-frame-options":"deny","x-content-type-options":"nosniff","x-xss-protection":"1; mode=block","referrer-policy":"origin-when-cross-origin, strict-origin-when-cross-origin","expect-ct":"max-age=2592000, report-uri=\"https://api.github.com/_private/browser/errors\"","content-security-policy":"default-src 'none'; base-uri 'self'; block-all-mixed-content; connect-src 'self' uploads.github.com www.githubstatus.com collector.githubapp.com api.github.com github-cloud.s3.amazonaws.com github-production-repository-file-5c1aeb.s3.amazonaws.com github-production-upload-manifest-file-7fdce7.s3.amazonaws.com github-production-user-asset-6210df.s3.amazonaws.com cdn.optimizely.com logx.optimizely.com/v1/events wss://alive.github.com; font-src github.githubassets.com; form-action 'self' github.com gist.github.com; frame-ancestors 'none'; frame-src render.githubusercontent.com; img-src 'self' data: github.githubassets.com identicons.github.com collector.githubapp.com github-cloud.s3.amazonaws.com user-images.githubusercontent.com/ *.githubusercontent.com; manifest-src 'self'; media-src 'none'; script-src github.githubassets.com; style-src 'unsafe-inline' github.githubassets.com; worker-src github.com/socket-worker-5029ae85.js gist.github.com/socket-worker-5029ae85.js","x-github-request-id":"AC28:0B71:A3601:CE277:603BD828","transfer-encoding":"chunked"}
[debug] [2021-02-28T17:51:36.779Z] >>> [apiv2][query] GET https://api.github.com/user [none]
[debug] [2021-02-28T17:51:37.184Z] <<< [apiv2][status] GET https://api.github.com/user 200
[debug] [2021-02-28T17:51:37.184Z] <<< [apiv2][body] GET https://api.github.com/user {"login":"sarcastic-verma","id":50954641,"node_id":"MDQ6VXNlcjUwOTU0NjQx","avatar_url":"https://avatars.githubusercontent.com/u/50954641?v=4","gravatar_id":"","url":"https://api.github.com/users/sarcastic-verma","html_url":"https://github.com/sarcastic-verma","followers_url":"https://api.github.com/users/sarcastic-verma/followers","following_url":"https://api.github.com/users/sarcastic-verma/following{/other_user}","gists_url":"https://api.github.com/users/sarcastic-verma/gists{/gist_id}","starred_url":"https://api.github.com/users/sarcastic-verma/starred{/owner}{/repo}","subscriptions_url":"https://api.github.com/users/sarcastic-verma/subscriptions","organizations_url":"https://api.github.com/users/sarcastic-verma/orgs","repos_url":"https://api.github.com/users/sarcastic-verma/repos","events_url":"https://api.github.com/users/sarcastic-verma/events{/privacy}","received_events_url":"https://api.github.com/users/sarcastic-verma/received_events","type":"User","site_admin":false,"name":"Shivam Verma","company":"Student.","blog":"","location":"Vaishali-Ghaziabad-UP-India","email":null,"hireable":null,"bio":"Learner.","twitter_username":null,"public_repos":45,"public_gists":7,"followers":14,"following":24,"created_at":"2019-05-23T13:08:17Z","updated_at":"2021-02-28T17:30:11Z","private_gists":1,"total_private_repos":7,"owned_private_repos":5,"disk_usage":125046,"collaborators":3,"two_factor_authentication":false,"plan":{"name":"pro","space":976562499,"collaborators":0,"private_repos":9999}}
[info] 
[info] ✔  Success! Logged into GitHub as sarcastic-verma 
[info] 
